<?xml version="1.0" encoding="UTF-8"?>
<!-- Generated by org.testng.reporters.JUnitReportReporter -->
<testsuite hostname="ATMECSINLT-083" failures="0" tests="4" name="attributes.TestNgAttributes" time="0.027" errors="0" timestamp="20 Aug 2019 06:30:07 GMT" skipped="0">
  <testcase classname="attributes.TestNgAttributes" name="testcase3" time="0.003"/>
  <testcase classname="attributes.TestNgAttributes" name="testcase2" time="0.005"/>
  <testcase classname="attributes.TestNgAttributes" name="testcase4" time="0.003"/>
  <testcase classname="attributes.TestNgAttributes" name="testcase1" time="0.016"/>
</testsuite> <!-- attributes.TestNgAttributes -->
