<?xml version="1.0" encoding="UTF-8"?>
<!-- Generated by org.testng.reporters.JUnitReportReporter -->
<testsuite hostname="ATMECSINLT-083" failures="0" tests="2" name="annotations.TestNgAnnotations" time="0.016" errors="0" timestamp="20 Aug 2019 06:30:24 GMT" skipped="0">
  <testcase classname="annotations.TestNgAnnotations" name="FirstCase" time="0.010"/>
  <testcase classname="annotations.TestNgAnnotations" name="secondCase" time="0.006"/>
</testsuite> <!-- annotations.TestNgAnnotations -->
