<?xml version="1.0" encoding="UTF-8"?>
<!-- Generated by org.testng.reporters.JUnitReportReporter -->
<testsuite hostname="ATMECSINLT-083" failures="0" tests="3" name="attributes.DependsonMethods" time="0.091" errors="0" timestamp="20 Aug 2019 07:06:26 GMT" skipped="0">
  <testcase classname="attributes.DependsonMethods" name="APIStudentLogin" time="0.008"/>
  <testcase classname="attributes.DependsonMethods" name="MobileStudentLogin" time="0.051"/>
  <testcase classname="attributes.DependsonMethods" name="WebStudentLogin" time="0.032"/>
</testsuite> <!-- attributes.DependsonMethods -->
