<?xml version="1.0" encoding="UTF-8"?>
<!-- Generated by org.testng.reporters.JUnitReportReporter -->
<testsuite hostname="ATMECSINLT-083" failures="0" tests="2" name="com.atmecs.TestNgAnnotations" time="0.029" errors="0" timestamp="20 Aug 2019 06:13:14 GMT" skipped="0">
  <testcase classname="com.atmecs.TestNgAnnotations" name="FirstCase" time="0.020"/>
  <testcase classname="com.atmecs.TestNgAnnotations" name="secondCase" time="0.009"/>
</testsuite> <!-- com.atmecs.TestNgAnnotations -->
